c:\users\tempadmin\documents\escuela\9 semestre\gráficas computacionales\second partial\obj_ex\cg_demo\debug\vc140.pdb
c:\users\tempadmin\documents\escuela\9 semestre\gráficas computacionales\second partial\obj_ex\cg_demo\debug\vc140.idb
c:\users\tempadmin\documents\escuela\9 semestre\gráficas computacionales\second partial\obj_ex\cg_demo\debug\cg_demo.obj
c:\users\tempadmin\documents\escuela\9 semestre\gráficas computacionales\second partial\obj_ex\cg_demo\debug\main.obj
c:\users\tempadmin\documents\escuela\9 semestre\gráficas computacionales\second partial\obj_ex\cg_demo\debug\glm.obj
c:\users\tempadmin\documents\escuela\9 semestre\gráficas computacionales\second partial\obj_ex\cg_demo\debug\glmimg.obj
c:\users\tempadmin\documents\escuela\9 semestre\gráficas computacionales\second partial\obj_ex\cg_demo\debug\glmimg_devil.obj
c:\users\tempadmin\documents\escuela\9 semestre\gráficas computacionales\second partial\obj_ex\cg_demo\debug\glmimg_jpg.obj
c:\users\tempadmin\documents\escuela\9 semestre\gráficas computacionales\second partial\obj_ex\cg_demo\debug\glmimg_png.obj
c:\users\tempadmin\documents\escuela\9 semestre\gráficas computacionales\second partial\obj_ex\cg_demo\debug\glmimg_sdl.obj
c:\users\tempadmin\documents\escuela\9 semestre\gráficas computacionales\second partial\obj_ex\cg_demo\debug\glmimg_sim.obj
c:\users\tempadmin\documents\escuela\9 semestre\gráficas computacionales\second partial\obj_ex\cg_demo\debug\glm_util.obj
c:\users\tempadmin\documents\escuela\9 semestre\gráficas computacionales\second partial\obj_ex\debug\cg_demo.ilk
c:\users\tempadmin\documents\escuela\9 semestre\gráficas computacionales\second partial\obj_ex\debug\cg_demo.exe
c:\users\tempadmin\documents\escuela\9 semestre\gráficas computacionales\second partial\obj_ex\debug\cg_demo.pdb
c:\users\tempadmin\documents\escuela\9 semestre\gráficas computacionales\second partial\obj_ex\cg_demo\debug\cg_demo.tlog\cl.command.1.tlog
c:\users\tempadmin\documents\escuela\9 semestre\gráficas computacionales\second partial\obj_ex\cg_demo\debug\cg_demo.tlog\cl.read.1.tlog
c:\users\tempadmin\documents\escuela\9 semestre\gráficas computacionales\second partial\obj_ex\cg_demo\debug\cg_demo.tlog\cl.write.1.tlog
c:\users\tempadmin\documents\escuela\9 semestre\gráficas computacionales\second partial\obj_ex\cg_demo\debug\cg_demo.tlog\link.command.1.tlog
c:\users\tempadmin\documents\escuela\9 semestre\gráficas computacionales\second partial\obj_ex\cg_demo\debug\cg_demo.tlog\link.read.1.tlog
c:\users\tempadmin\documents\escuela\9 semestre\gráficas computacionales\second partial\obj_ex\cg_demo\debug\cg_demo.tlog\link.write.1.tlog
